c:\users\joepetey\desktop\mmi projects\tappedreverb\vc140.pdb
c:\users\joepetey\desktop\mmi projects\tappedreverb\wtoscillator.obj
c:\users\joepetey\desktop\mmi projects\tappedreverb\trivoscillator.obj
c:\users\joepetey\desktop\mmi projects\tappedreverb\comb_apf.obj
c:\users\joepetey\desktop\mmi projects\tappedreverb\loop.obj
c:\users\joepetey\desktop\mmi projects\tappedreverb\krt.obj
c:\users\joepetey\desktop\mmi projects\tappedreverb\dsum.obj
c:\users\joepetey\desktop\mmi projects\tappedreverb\onepolelpf.obj
c:\users\joepetey\desktop\mmi projects\tappedreverb\lpfcombfilter.obj
c:\users\joepetey\desktop\mmi projects\tappedreverb\delayapf.obj
c:\users\joepetey\desktop\mmi projects\tappedreverb\delay.obj
c:\users\joepetey\desktop\mmi projects\tappedreverb\combfilter.obj
c:\users\joepetey\desktop\mmi projects\tappedreverb\reverb.obj
c:\users\joepetey\desktop\mmi projects\tappedreverb\rackafxdll.obj
c:\users\joepetey\desktop\mmi projects\tappedreverb\pluginobjects.obj
c:\users\joepetey\desktop\mmi projects\tappedreverb\plugin.obj
c:\users\joepetey\desktop\mmi projects\tappedreverb\moddelaymodule.obj
c:\users\joepetey\desktop\mmi projects\tappedreverb\er.obj
c:\users\joepetey\desktop\mmi projects\tappedreverb\delayline.obj
c:\users\joepetey\desktop\mmi projects\tappedreverb\ddlmodule.obj
c:\users\joepetey\desktop\mmi projects\tappedreverb\bitcrusher.obj
c:\users\joepetey\desktop\mmi projects\tappedreverb\reverb.res
c:\users\joepetey\appdata\roaming\rackafx\plugins\reverb.lib
c:\users\joepetey\appdata\roaming\rackafx\plugins\reverb.exp
c:\users\joepetey\appdata\roaming\rackafx\plugins\reverb.dll
c:\users\joepetey\desktop\mmi projects\tappedreverb\reverb.tlog\cl.command.1.tlog
c:\users\joepetey\desktop\mmi projects\tappedreverb\reverb.tlog\cl.read.1.tlog
c:\users\joepetey\desktop\mmi projects\tappedreverb\reverb.tlog\cl.write.1.tlog
c:\users\joepetey\desktop\mmi projects\tappedreverb\reverb.tlog\link.command.1.tlog
c:\users\joepetey\desktop\mmi projects\tappedreverb\reverb.tlog\link.read.1.tlog
c:\users\joepetey\desktop\mmi projects\tappedreverb\reverb.tlog\link.write.1.tlog
c:\users\joepetey\desktop\mmi projects\tappedreverb\reverb.tlog\rc.command.1.tlog
c:\users\joepetey\desktop\mmi projects\tappedreverb\reverb.tlog\rc.read.1.tlog
c:\users\joepetey\desktop\mmi projects\tappedreverb\reverb.tlog\rc.write.1.tlog
c:\users\joepetey\desktop\mmi projects\tappedreverb\reverb.tlog\reverb.write.1u.tlog
